File Name       Time
sim_000.fsdb    0 to 265,728,784
sim_001.fsdb    265,728,784 to 520,481,824
sim_002.fsdb    520,481,824 to 774,626,239
sim_003.fsdb    774,626,239 to 1,028,933,882
sim_000.fsdb    1,028,933,882 to 1,283,143,864
sim_001.fsdb    1,283,143,864 to 1,537,988,544
sim_002.fsdb    1,537,988,544 to 1,792,140,960
sim_003.fsdb    1,792,140,960 to 2,047,076,000
sim_000.fsdb    2,047,076,000 to 2,301,679,251
sim_001.fsdb    2,301,679,251 to 2,555,935,000
sim_002.fsdb    2,555,935,000 to 2,810,665,000
sim_003.fsdb    2,810,665,000 to 3,065,524,000
sim_000.fsdb    3,065,524,000 to 3,320,536,000
sim_001.fsdb    3,320,536,000 to 3,574,904,736
sim_002.fsdb    3,574,904,736 to 3,829,563,104
sim_003.fsdb    3,829,563,104 to 4,084,086,400
sim_000.fsdb    4,084,086,400 to 4,336,565,808
sim_001.fsdb    4,336,565,808 to 4,583,056,000
sim_002.fsdb    4,583,056,000 to 4,829,640,000
sim_003.fsdb    4,829,640,000 to 5,076,160,544
sim_000.fsdb    5,076,160,544 to 5,323,062,016
sim_001.fsdb    5,323,062,016 to 5,570,002,277
sim_002.fsdb    5,570,002,277 to 5,816,512,500
sim_003.fsdb    5,816,512,500 to 6,063,188,726
sim_000.fsdb    6,063,188,726 to 6,309,854,796
sim_001.fsdb    6,309,854,796 to 6,556,265,000
sim_002.fsdb    6,556,265,000 to 6,802,777,616
sim_003.fsdb    6,802,777,616 to 7,049,334,282
sim_000.fsdb    7,049,334,282 to 7,296,158,851
sim_001.fsdb    7,296,158,851 to 7,543,041,056
sim_002.fsdb    7,543,041,056 to 7,790,549,252
sim_003.fsdb    7,790,549,252 to 8,037,420,000
sim_000.fsdb    8,037,420,000 to 8,284,923,643
sim_001.fsdb    8,284,923,643 to 8,532,050,000
sim_002.fsdb    8,532,050,000 to 8,777,823,328
sim_003.fsdb    8,777,823,328 to 9,024,878,448
sim_000.fsdb    9,024,878,448 to 9,272,189,648
sim_001.fsdb    9,272,189,648 to 9,518,779,121
sim_002.fsdb    9,518,779,121 to 9,765,301,952
sim_003.fsdb    9,765,301,952 to 10,012,003,994
sim_000.fsdb    10,012,003,994 to 10,259,261,648
sim_001.fsdb    10,259,261,648 to 10,505,997,056
sim_002.fsdb    10,505,997,056 to 10,752,566,400
sim_003.fsdb    10,752,566,400 to 10,999,183,796
sim_000.fsdb    10,999,183,796 to 11,246,249,600
sim_001.fsdb    11,246,249,600 to 11,493,412,000
sim_002.fsdb    11,493,412,000 to 11,740,040,000
sim_003.fsdb    11,740,040,000 to 11,987,192,500
sim_000.fsdb    11,987,192,500 to 12,234,130,000
sim_001.fsdb    12,234,130,000 to 12,480,888,483
sim_002.fsdb    12,480,888,483 to 12,728,551,072
sim_003.fsdb    12,728,551,072 to 12,974,982,288
sim_000.fsdb    12,974,982,288 to 13,222,119,463
sim_001.fsdb    13,222,119,463 to 13,469,025,683
sim_002.fsdb    13,469,025,683 to 13,715,732,500
sim_003.fsdb    13,715,732,500 to 13,962,463,489
sim_000.fsdb    13,962,463,489 to 14,209,062,500
sim_001.fsdb    14,209,062,500 to 14,456,069,400
sim_002.fsdb    14,456,069,400 to 14,702,695,000
sim_003.fsdb    14,702,695,000 to 14,949,686,400
sim_000.fsdb    14,949,686,400 to 15,196,611,200
sim_001.fsdb    15,196,611,200 to 15,443,138,733
sim_002.fsdb    15,443,138,733 to 15,689,976,592
sim_003.fsdb    15,689,976,592 to 15,936,796,800
sim_000.fsdb    15,936,796,800 to 16,182,566,987
sim_001.fsdb    16,182,566,987 to 16,429,697,040
sim_002.fsdb    16,429,697,040 to 16,676,409,168
sim_003.fsdb    16,676,409,168 to 16,923,234,415
sim_000.fsdb    16,923,234,415 to 17,169,943,616
sim_001.fsdb    17,169,943,616 to 17,416,955,000
sim_002.fsdb    17,416,955,000 to 17,662,658,608
sim_003.fsdb    17,662,658,608 to 17,909,773,817
sim_000.fsdb    17,909,773,817 to 18,157,414,480
sim_001.fsdb    18,157,414,480 to 18,403,930,000
sim_002.fsdb    18,403,930,000 to 18,650,750,000
sim_003.fsdb    18,650,750,000 to 18,896,865,564
sim_000.fsdb    18,896,865,564 to 19,143,708,800
sim_001.fsdb    19,143,708,800 to 19,390,303,104
sim_002.fsdb    19,390,303,104 to 19,637,036,000
sim_003.fsdb    19,637,036,000 to 19,884,047,500
