** Warning: (vlib-34) Library already exists at "work".
Modifying modelsim.ini
Modifying modelsim.ini
Model Technology ModelSim SE-64 vlog 10.1c Compiler 2012.07 Jul 27 2012
-- Compiling module gtwizard_ultrascale_v1_6_5_bit_synchronizer
-- Compiling module gtwizard_ultrascale_v1_6_5_gthe3_cpll_cal
-- Compiling module gtwizard_ultrascale_v1_6_5_gthe3_cpll_cal_freq_counter
-- Compiling module gtwizard_ultrascale_v1_6_5_gthe4_cpll_cal
-- Compiling module gtwizard_ultrascale_v1_6_5_gthe4_cpll_cal_freq_counter
-- Compiling module gtwizard_ultrascale_v1_6_5_gtye4_cpll_cal
-- Compiling module gtwizard_ultrascale_v1_6_5_gtye4_cpll_cal_freq_counter
-- Compiling module gtwizard_ultrascale_v1_6_5_gtwiz_buffbypass_rx
-- Compiling module gtwizard_ultrascale_v1_6_5_gtwiz_buffbypass_tx
-- Compiling module gtwizard_ultrascale_v1_6_5_gtwiz_reset
-- Compiling module gtwizard_ultrascale_v1_6_5_gtwiz_userclk_rx
-- Compiling module gtwizard_ultrascale_v1_6_5_gtwiz_userclk_tx
-- Compiling module gtwizard_ultrascale_v1_6_5_gtwiz_userdata_rx
-- Compiling module gtwizard_ultrascale_v1_6_5_gtwiz_userdata_tx
-- Compiling module gtwizard_ultrascale_v1_6_5_reset_synchronizer
-- Compiling module gtwizard_ultrascale_v1_6_5_reset_inv_synchronizer

Top level modules:
	gtwizard_ultrascale_v1_6_5_gthe3_cpll_cal
	gtwizard_ultrascale_v1_6_5_gthe4_cpll_cal
	gtwizard_ultrascale_v1_6_5_gtye4_cpll_cal
	gtwizard_ultrascale_v1_6_5_gtwiz_buffbypass_rx
	gtwizard_ultrascale_v1_6_5_gtwiz_buffbypass_tx
	gtwizard_ultrascale_v1_6_5_gtwiz_reset
	gtwizard_ultrascale_v1_6_5_gtwiz_userclk_rx
	gtwizard_ultrascale_v1_6_5_gtwiz_userclk_tx
	gtwizard_ultrascale_v1_6_5_gtwiz_userdata_rx
	gtwizard_ultrascale_v1_6_5_gtwiz_userdata_tx
Model Technology ModelSim SE-64 vlog 10.1c Compiler 2012.07 Jul 27 2012
-- Compiling module gtwizard_ultrascale_v1_6_5_gtye4_channel
-- Compiling module gtwizard_ultrascale_0_gtye4_channel_wrapper
-- Compiling module gtwizard_ultrascale_v1_6_5_gtye4_common
-- Compiling module gtwizard_ultrascale_0_gtye4_common_wrapper
-- Compiling module gtwizard_ultrascale_0_gtwizard_gtye4
-- Compiling module gtwizard_ultrascale_0_gtwizard_top
-- Compiling module gtwizard_ultrascale_0
-- Compiling module gtwizard_ultrascale_0_example_bit_synchronizer
-- Compiling module gtwizard_ultrascale_0_example_gtwiz_userclk_rx
-- Compiling module gtwizard_ultrascale_0_example_gtwiz_userclk_tx
-- Compiling module gtwizard_ultrascale_0_example_reset_synchronizer
-- Compiling module gtwizard_ultrascale_0_prbs_any
-- Compiling module gtwizard_ultrascale_0_example_checking_raw
-- Compiling module gtwizard_ultrascale_0_example_init
-- Compiling module gtwizard_ultrascale_0_example_stimulus_raw
-- Compiling module gtwizard_ultrascale_0_example_wrapper
-- Compiling module gtwizard_ultrascale_0_vio_0
-- Compiling module gtwizard_ultrascale_0_example_top
-- Compiling module gtwizard_ultrascale_0_example_top_sim

Top level modules:
	gtwizard_ultrascale_0_example_top_sim
Model Technology ModelSim SE-64 vlog 10.1c Compiler 2012.07 Jul 27 2012
-- Compiling module glbl

Top level modules:
	glbl
Model Technology ModelSim SE-64 vlog 10.1c Compiler 2012.07 Jul 27 2012
-- Compiling module crc32_d8
-- Compiling module dcn_tx_shim
-- Compiling module packet_restore
-- Compiling module dcn_tx_top
-- Compiling module packet_classify
-- Compiling module block_to_shim_buf
-- Compiling module insert_s_t_block
** Warning: ../../../RTL/core_logic/rtl/dcn/dcn_tx/insert_s_t_block.v(64): (vlog-2600) [RDGN] - Redundant digits in numeric literal.
** Warning: ../../../RTL/core_logic/rtl/dcn/dcn_tx/insert_s_t_block.v(65): (vlog-2600) [RDGN] - Redundant digits in numeric literal.
** Warning: ../../../RTL/core_logic/rtl/dcn/dcn_tx/insert_s_t_block.v(66): (vlog-2600) [RDGN] - Redundant digits in numeric literal.
** Warning: ../../../RTL/core_logic/rtl/dcn/dcn_tx/insert_s_t_block.v(67): (vlog-2600) [RDGN] - Redundant digits in numeric literal.
** Warning: ../../../RTL/core_logic/rtl/dcn/dcn_tx/insert_s_t_block.v(68): (vlog-2600) [RDGN] - Redundant digits in numeric literal.
** Warning: ../../../RTL/core_logic/rtl/dcn/dcn_tx/insert_s_t_block.v(69): (vlog-2600) [RDGN] - Redundant digits in numeric literal.
** Warning: ../../../RTL/core_logic/rtl/dcn/dcn_tx/insert_s_t_block.v(70): (vlog-2600) [RDGN] - Redundant digits in numeric literal.
** Warning: ../../../RTL/core_logic/rtl/dcn/dcn_tx/insert_s_t_block.v(71): (vlog-2600) [RDGN] - Redundant digits in numeric literal.
** Warning: ../../../RTL/core_logic/rtl/dcn/dcn_tx/insert_s_t_block.v(72): (vlog-2600) [RDGN] - Redundant digits in numeric literal.
** Warning: ../../../RTL/core_logic/rtl/dcn/dcn_tx/insert_s_t_block.v(74): (vlog-2600) [RDGN] - Redundant digits in numeric literal.
-- Compiling module sync_fifo
-- Compiling module dcn_cpu_main
-- Compiling module sync_fifo_ctrl
-- Compiling module block_ram_no_reg
-- Compiling module data_latch
-- Compiling module dcn_rx_shim
-- Compiling module dcn_rx_top
-- Compiling module decode_64b66b_dcn
-- Compiling module delete_s_t_block
** Warning: ../../../RTL/core_logic/rtl/dcn/dcn_rx/delete_s_t_block.v(63): (vlog-2600) [RDGN] - Redundant digits in numeric literal.
-- Compiling module packet_reassemble
** Warning: ../../../RTL/core_logic/rtl/dcn/dcn_rx/dcn_rx_top.v(20): (vlog-2275) 'dcn_rx_top' already exists and will be overwritten.
-- Compiling module dcn_rx_top
-- Compiling module dcn_top
-- Compiling module ge_mac
-- Compiling module mac_rx_crc32
-- Compiling module crc32_cal
-- Compiling module novas_vlog

Top level modules:
	crc32_d8
	dcn_top
	ge_mac
	novas_vlog
Model Technology ModelSim SE-64 vlog 10.1c Compiler 2012.07 Jul 27 2012
-- Compiling package uvm_pkg (uvm-1.1b Built-in)
-- Compiling interface cpu_if
** Warning: ../../common/cpu_uvc/interface//cpu_if.sv(1): (vlog-2275) 'cpu_if' already exists and will be overwritten.
-- Compiling interface cpu_if
-- Compiling package cpu_pkg
-- Importing package uvm_pkg (uvm-1.1b Built-in)
-- Compiling interface gmii_tx_if
-- Compiling interface gmii_rx_if
-- Compiling interface xgmii64_tx_if
-- Compiling interface xgmii64_rx_if
-- Compiling package mac_pkg
** Warning: ../../common/mac_uvc/item/eth_frame.sv(441): (vlog-2240) Treating stand-alone use of function 'pack_bytes' as an implicit VOID cast.
** Warning: ../../common/mac_uvc/item/eth_frame.sv(427): (vlog-2240) Treating stand-alone use of function 'pack_bytes' as an implicit VOID cast.
** Warning: ../../common/mac_uvc/compoent/gmii_rx_monitor.sv(156): (vlog-2240) Treating stand-alone use of function 'unpack_bytes' as an implicit VOID cast.
** Warning: ../../common/mac_uvc/compoent/gmii_tx_monitor.sv(156): (vlog-2240) Treating stand-alone use of function 'unpack_bytes' as an implicit VOID cast.
** Warning: ../../common/mac_uvc/compoent/xgmii64_rx_monitor.sv(288): (vlog-2240) Treating stand-alone use of function 'unpack_bytes' as an implicit VOID cast.
** Warning: ../../common/mac_uvc/compoent/xgmii64_tx_monitor.sv(297): (vlog-2240) Treating stand-alone use of function 'unpack_bytes' as an implicit VOID cast.
** Warning: (vlog-8491) ../../common/mac_uvc/compoent/gmii_rx_driver.sv(58): 'new' must be used to assign to a dynamic array; 'new' is not legal with a queue.
** Warning: (vlog-8491) ../../common/mac_uvc/compoent/gmii_rx_driver.sv(58): 'new' must be used to assign to a dynamic array; 'new' is not legal with a queue.
** Warning: (vlog-8491) ../../common/mac_uvc/compoent/gmii_rx_driver.sv(58): 'new' must be used to assign to a dynamic array; 'new' is not legal with a queue.
** Warning: (vlog-8491) ../../common/mac_uvc/compoent/gmii_tx_driver.sv(57): 'new' must be used to assign to a dynamic array; 'new' is not legal with a queue.
** Warning: (vlog-8491) ../../common/mac_uvc/compoent/gmii_tx_driver.sv(57): 'new' must be used to assign to a dynamic array; 'new' is not legal with a queue.
** Warning: (vlog-8491) ../../common/mac_uvc/compoent/gmii_tx_driver.sv(57): 'new' must be used to assign to a dynamic array; 'new' is not legal with a queue.
** Warning: (vlog-8491) ../../common/mac_uvc/compoent/xgmii64_rx_driver.sv(57): 'new' must be used to assign to a dynamic array; 'new' is not legal with a queue.
** Warning: (vlog-8491) ../../common/mac_uvc/compoent/xgmii64_rx_driver.sv(57): 'new' must be used to assign to a dynamic array; 'new' is not legal with a queue.
** Warning: (vlog-8491) ../../common/mac_uvc/compoent/xgmii64_rx_driver.sv(57): 'new' must be used to assign to a dynamic array; 'new' is not legal with a queue.
** Warning: (vlog-8491) ../../common/mac_uvc/compoent/xgmii64_tx_driver.sv(57): 'new' must be used to assign to a dynamic array; 'new' is not legal with a queue.
** Warning: (vlog-8491) ../../common/mac_uvc/compoent/xgmii64_tx_driver.sv(57): 'new' must be used to assign to a dynamic array; 'new' is not legal with a queue.
** Warning: (vlog-8491) ../../common/mac_uvc/compoent/xgmii64_tx_driver.sv(57): 'new' must be used to assign to a dynamic array; 'new' is not legal with a queue.
-- Compiling package pcs_env_pkg
-- Importing package cpu_pkg
-- Importing package mac_pkg
** Warning: ../env/pcs_virtual_sequencer.sv(38): (vlog-2181) Use of a parameterized class uvm_sequencer as a type creates a default specialization.
** Warning: ../seq_lib/pcs_scenario_seq_lib.sv(44): (vlog-2181) Use of a parameterized class uvm_sequence as a type creates a default specialization.
-- Compiling interface pcs_xilinx_serdes_if
-- Compiling module pcs_tb_top
-- Importing package pcs_env_pkg
-- Compiling module glbl
-- Compiling module novas_vlog

Top level modules:
	pcs_tb_top
	glbl
	novas_vlog
