Model Technology ModelSim SE-64 vlog 10.1c Compiler 2012.07 Jul 27 2012
-- Compiling module crc32_d64
-- Compiling module crc32_d8
-- Compiling module eth_dis_ram_wr
-- Compiling module crc32_d48
-- Compiling module crc32_d56
-- Compiling module crc32_d24
-- Compiling module dpram340x1024
-- Compiling module eth_distribute_top
-- Compiling module eth_dis_ram_rd
-- Compiling module crc32_d16
-- Compiling module crc32_d40
-- Compiling module crc32_d32
-- Compiling module eth_gth_ram_rd
-- Compiling module eth_gather_ram_wr
-- Compiling module eth_gather_top
-- Compiling module tx_xgmii_encode
-- Compiling module eth_gth_dis
-- Compiling module eth_gth_dis_cpu
-- Compiling module eth_gth_loop_dis
-- Compiling module rx_xgmii_decode
-- Compiling module novas_vlog

Top level modules:
	eth_gth_dis
	novas_vlog
Model Technology ModelSim SE-64 vlog 10.1c Compiler 2012.07 Jul 27 2012
-- Compiling package uvm_pkg (uvm-1.1b Built-in)
-- Compiling interface cpu_if
** Warning: ../../common/cpu_uvc/interface//cpu_if.sv(1): (vlog-2275) 'cpu_if' already exists and will be overwritten.
-- Compiling interface cpu_if
-- Compiling package cpu_pkg
-- Importing package uvm_pkg (uvm-1.1b Built-in)
-- Compiling interface gmii_tx_if
-- Compiling interface gmii_rx_if
-- Compiling interface xgmii64_tx_if
-- Compiling interface xgmii64_rx_if
-- Compiling package mac_pkg
** Warning: ../../common/mac_uvc/item/eth_frame.sv(441): (vlog-2240) Treating stand-alone use of function 'pack_bytes' as an implicit VOID cast.
** Warning: ../../common/mac_uvc/item/eth_frame.sv(427): (vlog-2240) Treating stand-alone use of function 'pack_bytes' as an implicit VOID cast.
** Warning: ../../common/mac_uvc/compoent/gmii_rx_monitor.sv(156): (vlog-2240) Treating stand-alone use of function 'unpack_bytes' as an implicit VOID cast.
** Warning: ../../common/mac_uvc/compoent/gmii_tx_monitor.sv(156): (vlog-2240) Treating stand-alone use of function 'unpack_bytes' as an implicit VOID cast.
** Warning: ../../common/mac_uvc/compoent/xgmii64_rx_monitor.sv(288): (vlog-2240) Treating stand-alone use of function 'unpack_bytes' as an implicit VOID cast.
** Warning: ../../common/mac_uvc/compoent/xgmii64_tx_monitor.sv(297): (vlog-2240) Treating stand-alone use of function 'unpack_bytes' as an implicit VOID cast.
** Warning: (vlog-8491) ../../common/mac_uvc/compoent/gmii_rx_driver.sv(58): 'new' must be used to assign to a dynamic array; 'new' is not legal with a queue.
** Warning: (vlog-8491) ../../common/mac_uvc/compoent/gmii_rx_driver.sv(58): 'new' must be used to assign to a dynamic array; 'new' is not legal with a queue.
** Warning: (vlog-8491) ../../common/mac_uvc/compoent/gmii_rx_driver.sv(58): 'new' must be used to assign to a dynamic array; 'new' is not legal with a queue.
** Warning: (vlog-8491) ../../common/mac_uvc/compoent/gmii_tx_driver.sv(57): 'new' must be used to assign to a dynamic array; 'new' is not legal with a queue.
** Warning: (vlog-8491) ../../common/mac_uvc/compoent/gmii_tx_driver.sv(57): 'new' must be used to assign to a dynamic array; 'new' is not legal with a queue.
** Warning: (vlog-8491) ../../common/mac_uvc/compoent/gmii_tx_driver.sv(57): 'new' must be used to assign to a dynamic array; 'new' is not legal with a queue.
** Warning: (vlog-8491) ../../common/mac_uvc/compoent/xgmii64_rx_driver.sv(57): 'new' must be used to assign to a dynamic array; 'new' is not legal with a queue.
** Warning: (vlog-8491) ../../common/mac_uvc/compoent/xgmii64_rx_driver.sv(57): 'new' must be used to assign to a dynamic array; 'new' is not legal with a queue.
** Warning: (vlog-8491) ../../common/mac_uvc/compoent/xgmii64_rx_driver.sv(57): 'new' must be used to assign to a dynamic array; 'new' is not legal with a queue.
** Warning: (vlog-8491) ../../common/mac_uvc/compoent/xgmii64_tx_driver.sv(57): 'new' must be used to assign to a dynamic array; 'new' is not legal with a queue.
** Warning: (vlog-8491) ../../common/mac_uvc/compoent/xgmii64_tx_driver.sv(57): 'new' must be used to assign to a dynamic array; 'new' is not legal with a queue.
** Warning: (vlog-8491) ../../common/mac_uvc/compoent/xgmii64_tx_driver.sv(57): 'new' must be used to assign to a dynamic array; 'new' is not legal with a queue.
-- Compiling package pcs_env_pkg
-- Importing package cpu_pkg
-- Importing package mac_pkg
** Warning: ../env/pcs_virtual_sequencer.sv(38): (vlog-2181) Use of a parameterized class uvm_sequencer as a type creates a default specialization.
** Warning: ../seq_lib/pcs_scenario_seq_lib.sv(44): (vlog-2181) Use of a parameterized class uvm_sequence as a type creates a default specialization.
-- Compiling interface pcs_xilinx_serdes_if
-- Compiling module pcs_tb_top
-- Importing package pcs_env_pkg
-- Compiling module glbl
-- Compiling module novas_vlog

Top level modules:
	pcs_tb_top
	glbl
	novas_vlog
