ANF: vcsd_register_1st_RTL_rfn('base_fun/exec/simv: undefined symbol: vcsd_register_1st_RTL_rfn')
ANF: vcsd_register_1st_sequential_rfn('base_fun/exec/simv: undefined symbol: vcsd_register_1st_sequential_rfn')
ANF: vcsd_register_2nd_RTL_rfn('base_fun/exec/simv: undefined symbol: vcsd_register_2nd_RTL_rfn')
ANF: vcsd_register_2nd_sequential_rfn('base_fun/exec/simv: undefined symbol: vcsd_register_2nd_sequential_rfn')
ANF: scsd_xprop_is_enabled('base_fun/exec/simv: undefined symbol: scsd_xprop_is_enabled')
ANF: scsd_xprop_sig_is_promoted('base_fun/exec/simv: undefined symbol: scsd_xprop_sig_is_promoted')
ANF: scsd_xprop_int_xvalue('base_fun/exec/simv: undefined symbol: scsd_xprop_int_xvalue')
ANF: scsd_xprop_bool_xvalue('base_fun/exec/simv: undefined symbol: scsd_xprop_bool_xvalue')
ANF: scsd_xprop_enum_xvalue('base_fun/exec/simv: undefined symbol: scsd_xprop_enum_xvalue')
ANF: scsd_xprop_register_merge_mode_cb('base_fun/exec/simv: undefined symbol: scsd_xprop_register_merge_mode_cb')
ANF: scsd_xprop_delete_merge_mode_cb('base_fun/exec/simv: undefined symbol: scsd_xprop_delete_merge_mode_cb')
ANF: scsd_xprop_get_merge_mode('base_fun/exec/simv: undefined symbol: scsd_xprop_get_merge_mode')
ANF: msvEnableDumpingMode('base_fun/exec/simv: undefined symbol: msvEnableDumpingMode')
ANF: msvGetVersion('base_fun/exec/simv: undefined symbol: msvGetVersion')
ANF: msvGetInstProp('base_fun/exec/simv: undefined symbol: msvGetInstProp')
ANF: msvIsSpiceEngineReady('base_fun/exec/simv: undefined symbol: msvIsSpiceEngineReady')
ANF: msvSetAddProbeCallback('base_fun/exec/simv: undefined symbol: msvSetAddProbeCallback')
ANF: msvGetInstHandle('base_fun/exec/simv: undefined symbol: msvGetInstHandle')
ANF: msvGetProbeByInst('base_fun/exec/simv: undefined symbol: msvGetProbeByInst')
ANF: msvGetSigHandle('base_fun/exec/simv: undefined symbol: msvGetSigHandle')
ANF: msvGetProbeBySig('base_fun/exec/simv: undefined symbol: msvGetProbeBySig')
ANF: msvGetProbeInfo('base_fun/exec/simv: undefined symbol: msvGetProbeInfo')
ANF: msvRelease('base_fun/exec/simv: undefined symbol: msvRelease')
ANF: msvSetVcCallbackFunc('base_fun/exec/simv: undefined symbol: msvSetVcCallbackFunc')
ANF: msvCheckVcCallback('base_fun/exec/simv: undefined symbol: msvCheckVcCallback')
ANF: msvAddVcCallback('base_fun/exec/simv: undefined symbol: msvAddVcCallback')
ANF: msvRemoveVcCallback('base_fun/exec/simv: undefined symbol: msvRemoveVcCallback')
ANF: msvGetLatestValue('base_fun/exec/simv: undefined symbol: msvGetLatestValue')
ANF: msvSetEndofSimCallback('base_fun/exec/simv: undefined symbol: msvSetEndofSimCallback')
ANF: msvIgnoredProbe('base_fun/exec/simv: undefined symbol: msvIgnoredProbe')
ANF: msvGetThruNetInfo('base_fun/exec/simv: undefined symbol: msvGetThruNetInfo')
ANF: msvFreeThruNetInfo('base_fun/exec/simv: undefined symbol: msvFreeThruNetInfo')
ANF: PI_ace_get_output_time_unit('base_fun/exec/simv: undefined symbol: PI_ace_get_output_time_unit')
ANF: PI_ace_sim_sync('base_fun/exec/simv: undefined symbol: PI_ace_sim_sync')
ANF: msvGetRereadInitFile('base_fun/exec/simv: undefined symbol: msvGetRereadInitFile')
ANF: msvSetBeforeRereadCallback('base_fun/exec/simv: undefined symbol: msvSetBeforeRereadCallback')
ANF: msvSetAfterRereadCallback('base_fun/exec/simv: undefined symbol: msvSetAfterRereadCallback')
ANF: msvSetForceCallback('base_fun/exec/simv: undefined symbol: msvSetForceCallback')
ANF: msvSetReleaseCallback('base_fun/exec/simv: undefined symbol: msvSetReleaseCallback')
ANF: msvGetForceStatus('base_fun/exec/simv: undefined symbol: msvGetForceStatus')
ANF: vhdi_dt_get_type('base_fun/exec/simv: undefined symbol: vhdi_dt_get_type')
ANF: vhdi_dt_get_key('base_fun/exec/simv: undefined symbol: vhdi_dt_get_key')
ANF: vhdi_dt_get_vhdl_enum_info('base_fun/exec/simv: undefined symbol: vhdi_dt_get_vhdl_enum_info')
ANF: vhdi_dt_get_vhdl_physical_info('base_fun/exec/simv: undefined symbol: vhdi_dt_get_vhdl_physical_info')
ANF: vhdi_dt_get_vhdl_array_info('base_fun/exec/simv: undefined symbol: vhdi_dt_get_vhdl_array_info')
ANF: vhdi_dt_get_vhdl_record_info('base_fun/exec/simv: undefined symbol: vhdi_dt_get_vhdl_record_info')
ANF: vhdi_def_traverse_module('base_fun/exec/simv: undefined symbol: vhdi_def_traverse_module')
ANF: vhdi_def_traverse_scope('base_fun/exec/simv: undefined symbol: vhdi_def_traverse_scope')
ANF: vhdi_def_traverse_variable('base_fun/exec/simv: undefined symbol: vhdi_def_traverse_variable')
ANF: vhdi_def_get_module_id_by_vhpi('base_fun/exec/simv: undefined symbol: vhdi_def_get_module_id_by_vhpi')
ANF: vhdi_def_get_handle_by_module_id('base_fun/exec/simv: undefined symbol: vhdi_def_get_handle_by_module_id')
ANF: vhdi_def_free('base_fun/exec/simv: undefined symbol: vhdi_def_free')
ANF: vhdi_ist_traverse_scope('base_fun/exec/simv: undefined symbol: vhdi_ist_traverse_scope')
ANF: vhdi_ist_traverse_variable('base_fun/exec/simv: undefined symbol: vhdi_ist_traverse_variable')
ANF: vhdi_ist_convert_by_vhpi('base_fun/exec/simv: undefined symbol: vhdi_ist_convert_by_vhpi')
ANF: vhdi_ist_clone('base_fun/exec/simv: undefined symbol: vhdi_ist_clone')
ANF: vhdi_ist_free('base_fun/exec/simv: undefined symbol: vhdi_ist_free')
ANF: vhdi_ist_hash_key('base_fun/exec/simv: undefined symbol: vhdi_ist_hash_key')
ANF: vhdi_ist_compare('base_fun/exec/simv: undefined symbol: vhdi_ist_compare')
ANF: vhdi_ist_get_value_addr('base_fun/exec/simv: undefined symbol: vhdi_ist_get_value_addr')
ANF: vhdi_set_scsd_callback('base_fun/exec/simv: undefined symbol: vhdi_set_scsd_callback')
ANF: vhdi_ist_check_scsd_callback('base_fun/exec/simv: undefined symbol: vhdi_ist_check_scsd_callback')
ANF: vhdi_ist_add_scsd_callback('base_fun/exec/simv: undefined symbol: vhdi_ist_add_scsd_callback')
ANF: vhdi_ist_remove_scsd_callback('base_fun/exec/simv: undefined symbol: vhdi_ist_remove_scsd_callback')
ANF: vhdi_ist_get_scsd_user_data('base_fun/exec/simv: undefined symbol: vhdi_ist_get_scsd_user_data')
ANF: vhdi_add_time_change_callback('base_fun/exec/simv: undefined symbol: vhdi_add_time_change_callback')
ANF: vhdi_get_real_value_by_value_addr('base_fun/exec/simv: undefined symbol: vhdi_get_real_value_by_value_addr')
ANF: vhdi_get_64_value_by_value_addr('base_fun/exec/simv: undefined symbol: vhdi_get_64_value_by_value_addr')
ANF: vhdi_xprop_inst_is_promoted('base_fun/exec/simv: undefined symbol: vhdi_xprop_inst_is_promoted')
VCS compile option:
 option[0]: base_fun/exec/simv
 option[1]: +UVM_VERBOSITY=UVM_LOW
 option[2]: -l
 option[3]: base_fun/log/full_throughput_switch_test_20191231.log
 option[4]: +UVM_TESTNAME=full_throughput_switch_test
 option[5]: -ucli
 option[6]: -do
 option[7]: ./wave.do
 option[8]: +fsdbfile+base_fun/wave/full_throughput_switch_test_20191231.fsdb
 option[9]: +ntb_random_seed=20191231
 option[10]: /home/liaoyuan/synopsys/vcs_2016.06/linux64/bin/vcs1
 option[11]: -Mcc=gcc
 option[12]: -Mcplusplus=g++
 option[13]: -Masflags=
 option[14]: -Mcfl= -pipe -fPIC -DVCS -O -I/home/liaoyuan/synopsys/vcs_2016.06/include 
 option[15]: -Mxcflags= -pipe -fPIC -I/home/liaoyuan/synopsys/vcs_2016.06/include
 option[16]: -Mldflags= -rdynamic 
 option[17]: -Mout=base_fun/exec/simv
 option[18]: -Mamsrun=
 option[19]: -Mvcsaceobjs=
 option[20]: -Mobjects= /home/liaoyuan/synopsys/vcs_2016.06/linux64/lib/liberrorinf.so /home/liaoyuan/synopsys/vcs_2016.06/linux64/lib/libsnpsmalloc.so /home/liaoyuan/synopsys/verdi_2016.06-1/share/PLI/VCS/LINUX64/pli.a 
 option[21]: -Mexternalobj=
 option[22]: -Msaverestoreobj=/home/liaoyuan/synopsys/vcs_2016.06/linux64/lib/vcs_save_restore_new.o
 option[23]: -Mcrt0=
 option[24]: -Mcrtn=
 option[25]: -Mcsrc=/home/liaoyuan/mac_1588/tsn/VER/common/uvm-1.1b/src/dpi/uvm_dpi.cc 
 option[26]: -Msyslibs=/home/liaoyuan/synopsys/verdi_2016.06-1/share/PLI/VCS/LINUX64/pli.a -ldl -lm 
 option[27]: -l
 option[28]: base_fun/log/uvm_test.log
 option[29]: -uum
 option[30]: xil_defaultlib.pcs_tb_top
 option[31]: xil_defaultlib.glbl
 option[32]: xil_defaultlib.pcs_tb_top
 option[33]: -mxunielab
 option[34]: -uni_make
 option[35]: -Xhdlxmropt
 option[36]: -full64
 option[37]: +vcs+lic+wait
 option[38]: -timescale=1ns/1ps
 option[39]: -debug_access+all
 option[40]: +vpi
 option[41]: +vcsd1
 option[42]: +itf+/home/liaoyuan/synopsys/vcs_2016.06/linux64/lib/vcsdp_lite.tab
 option[43]: -P
 option[44]: /home/liaoyuan/synopsys/verdi_2016.06-1/share/PLI/VCS/LINUX64/novas.tab
 option[45]: -o
 option[46]: base_fun/exec/simv
 option[47]: -fsdb
 option[48]: -P
 option[49]: /home/liaoyuan/synopsys/verdi_2016.06-1/share/PLI/VCS/LINUX64/verdi.tab
 option[50]: -fsdb
 option[51]: -uum
 option[52]: -elaboration_options=/tmp/vcs_20191231074040_29670/elaboptfile_29670
 option[53]: -full64
 option[54]: -picarchive
 option[55]: -debug_acc+fsdb
 option[56]: -sverilog
 option[57]: +vpi
 option[58]: -VHDLelab=-mxunielab -uni_make -nc -Xhdlxmropt -licqueue -exe base_fun/exec/simv -fsdb -fsdb -uum -elaboration_options /tmp/vcs_20191231074040_29670/elaboptfile_29670 -picarchive -debug_acc_options all 
 option[59]: -gen_obj
 option[60]: -f
 option[61]: base_fun/exec/simv.daidir/mxopt.db
 option[62]: -load
 option[63]: /home/liaoyuan/synopsys/verdi_2016.06-1/share/PLI/VCS/LINUX64/libnovas.so:FSDBDumpCmd
 option[64]: -load
 option[65]: /home/liaoyuan/synopsys/verdi_2016.06-1/share/PLI/VCS/LINUX64/libnovas.so:FSDBDumpCmd
 option[66]: timescale=1ns/1ps
Chronologic Simulation VCS Release L-2016.06_Full64
Linux 3.10.0-1062.4.3.el7.x86_64 #1 SMP Wed Nov 13 23:58:53 UTC 2019 x86_64
CPU cores: 20
Limit information:
======================================
cputime			unlimited
filesize		unlimited
datasize		unlimited
stacksize		9657 kbytes
coredumpsize	0 kbytes
memoryuse		unlimited
vmemoryuse		unlimited
descriptors		4096
memorylocked	64 kbytes
maxproc			4096
======================================
(Special)Runtime environment variables:

Runtime environment variables:
tc=full_throughput_switch_test
SHELL=/bin/bash
_=/usr/bin/make
COMP_OPTS=vcs -full64 -sverilog -licqueue -timescale=1ns/1ps
HISTCONTROL=ignoredups
XDG_DATA_DIRS=/home/liaoyuan/.local/share/flatpak/exports/share:/var/lib/flatpak/exports/share:/usr/local/share:/usr/share
LOG_PATH=base_fun/log
LESSOPEN=||/usr/bin/lesspipe.sh %s
SSH_CONNECTION=192.168.109.94 51941 192.168.109.125 22
PATH=/usr/lib/qt-3.3/bin:/usr/local/bin:/usr/bin:/usr/local/sbin:/usr/sbin:/home/liaoyuan/synopsys/vcs_2016.06/gui/dve/bin:/home/liaoyuan/synopsys/vcs_2016.06/bin:/home/liaoyuan/synopsys/verdi_2016.06-1/bin:/home/liaoyuan/synopsys/scl_11.9/amd64/bin:/home/liaoyuan/.local/bin:/home/liaoyuan/bin:/home/liaoyuan/synopsys/vcs_2016.06/gui/dve/bin:/home/liaoyuan/synopsys/vcs_2016.06/bin:/home/liaoyuan/synopsys/verdi_2016.06-1/bin:/home/liaoyuan/synopsys/scl_11.9/amd64/bin
LM_LICENSE_FILE=27000@liaoyuan
WAVE_PATH=base_fun/wave
QT_GRAPHICSSYSTEM_CHECKED=1
SSH_TTY=/dev/pts/2
XDG_RUNTIME_DIR=/run/user/1000
EXE_PATH=base_fun/exec
LS_COLORS=rs=0:di=01;34:ln=01;36:mh=00:pi=40;33:so=01;35:do=01;35:bd=40;33;01:cd=40;33;01:or=40;31;01:mi=01;05;37;41:su=37;41:sg=30;43:ca=30;41:tw=30;42:ow=34;42:st=37;44:ex=01;32:*.tar=01;31:*.tgz=01;31:*.arc=01;31:*.arj=01;31:*.taz=01;31:*.lha=01;31:*.lz4=01;31:*.lzh=01;31:*.lzma=01;31:*.tlz=01;31:*.txz=01;31:*.tzo=01;31:*.t7z=01;31:*.zip=01;31:*.z=01;31:*.Z=01;31:*.dz=01;31:*.gz=01;31:*.lrz=01;31:*.lz=01;31:*.lzo=01;31:*.xz=01;31:*.bz2=01;31:*.bz=01;31:*.tbz=01;31:*.tbz2=01;31:*.tz=01;31:*.deb=01;31:*.rpm=01;31:*.jar=01;31:*.war=01;31:*.ear=01;31:*.sar=01;31:*.rar=01;31:*.alz=01;31:*.ace=01;31:*.zoo=01;31:*.cpio=01;31:*.7z=01;31:*.rz=01;31:*.cab=01;31:*.jpg=01;35:*.jpeg=01;35:*.gif=01;35:*.bmp=01;35:*.pbm=01;35:*.pgm=01;35:*.ppm=01;35:*.tga=01;35:*.xbm=01;35:*.xpm=01;35:*.tif=01;35:*.tiff=01;35:*.png=01;35:*.svg=01;35:*.svgz=01;35:*.mng=01;35:*.pcx=01;35:*.mov=01;35:*.mpg=01;35:*.mpeg=01;35:*.m2v=01;35:*.mkv=01;35:*.webm=01;35:*.ogm=01;35:*.mp4=01;35:*.m4v=01;35:*.mp4v=01;35:*.vob=01;35:*.qt=01;35:*.nuv=01;35:*.wmv=01;35:*.asf=01;35:*.rm=01;35:*.rmvb=01;35:*.flc=01;35:*.avi=01;35:*.fli=01;35:*.flv=01;35:*.gl=01;35:*.dl=01;35:*.xcf=01;35:*.xwd=01;35:*.yuv=01;35:*.cgm=01;35:*.emf=01;35:*.axv=01;35:*.anx=01;35:*.ogv=01;35:*.ogx=01;35:*.aac=01;36:*.au=01;36:*.flac=01;36:*.mid=01;36:*.midi=01;36:*.mka=01;36:*.mp3=01;36:*.mpc=01;36:*.ogg=01;36:*.ra=01;36:*.wav=01;36:*.axa=01;36:*.oga=01;36:*.spx=01;36:*.xspf=01;36:
DISPLAY=localhost:12.0
VCS_HOME=/home/liaoyuan/synopsys/vcs_2016.06
PWD=/home/liaoyuan/qbv/tsn/VER/mac_qbv/sim
VERDI_HOME=/home/liaoyuan/synopsys/verdi_2016.06-1
HOME=/home/liaoyuan
LOGNAME=liaoyuan
UVM_HOME=/home/liaoyuan/mac_1588/tsn/VER/common/uvm-1.1b
HOSTNAME=liaoyuan
VERDI_PATH=/home/liaoyuan/synopsys/verdi_2016.06-1/share/PLI/VCS/LINUX64
SHLVL=1
MAKEOVERRIDES=${-*-command-variables-*-}
XDG_SESSION_ID=5
USER=liaoyuan
QTLIB=/usr/lib/qt-3.3/lib
OLDPWD=/home/liaoyuan/qbv/tsn/VER/mac_qbv
MAKEFLAGS=seed=20191231 tc=full_throughput_switch_test
MFLAGS=
SSH_CLIENT=192.168.109.94 51941 22
MAIL=/var/spool/mail/liaoyuan
PS1=[\u@\h $PWD]$
seed=20191231
VCS_ARCH_OVERRIDE=linux
HISTSIZE=1000
QTINC=/usr/lib/qt-3.3/include
QTDIR=/usr/lib/qt-3.3
mode=base_fun
LANG=zh_CN.UTF-8
TERM=xterm
MAKELEVEL=1
VCS_PATHMAP_PRELOAD_DONE=1
LC_ALL=C
DVE=/home/liaoyuan/synopsys/vcs_2016.06/gui/dve
SPECMAN_OUTPUT_TO_TTY=1
Runtime command line arguments:
argv[0]=base_fun/exec/simv
argv[1]=+UVM_VERBOSITY=UVM_LOW
argv[2]=-l
argv[3]=base_fun/log/full_throughput_switch_test_20191231.log
argv[4]=+UVM_TESTNAME=full_throughput_switch_test
argv[5]=-ucli
argv[6]=-do
argv[7]=./wave.do
argv[8]=+fsdbfile+base_fun/wave/full_throughput_switch_test_20191231.fsdb
argv[9]=+ntb_random_seed=20191231
217 profile - 100
          CPU/Mem usage: 0.600 sys,  2.070 user,  1297.15M sys,  0.00M vm
218 VC callback profile - scalar:0 vector:0
219 Tue Dec 31 15:44:04 2019
220 pliAppInit
221 *Verdi3* : FSDB_GATE is set.
222 *Verdi3* : FSDB_RTL is set.
223 *Verdi3* : Enable Parallel Dumping.
224 pliAppMiscSet: New Sim Round
225 pliEntryInit
226 LIBSSCORE=found /home/liaoyuan/synopsys/verdi_2016.06-1/share/PLI/lib/LINUXAMD64/libsscore_vcs201606.so through $NOVAS_HOME setting.
227 FSDB Dumper for VCS, Release Verdi3_L-2016.06-1, Linux x86_64/64bit, 07/10/2016
228 (C) 1996 - 2016 by Synopsys, Inc.
229 sps_call_fsdbDumpvars at 0 : ../tb/pcs_tb_top.sv(6)
230 argv[0]: 0
231 argv[1]: (handle)0x3050eb58 pcs_tb_top
232 *Verdi3* FSDB WARNING: The FSDB file already exists. Overwriting the FSDB file may crash the programs that are using this file.
233 *Verdi3* : Create FSDB file 'base_fun/wave/full_throughput_switch_test_20191231.fsdb'
234 *Verdi3* : Begin traversing the scope (pcs_tb_top), layer (0).
235 *Verdi3* : End of traversing.
236 fsdbDumpvars traverse var: profile - 
          CPU/Mem usage: 1.250 sys,  7.970 user,  2057.07M sys,  0.00M vm
                   incr: 0.430 sys,  4.420 user,  519.75M sys,  0.00M vm
                   accu: 0.430 sys,  4.420 user,  519.75M sys,  0.00M vm
              accu incr: 0.430 sys,  4.420 user,  519.75M sys,  0.00M vm

          Count usage: 565072 var,  781064 idcode,  583446 callback
                 incr: 565072 var,  781064 idcode,  583446 callback
                 accu: 565072 var,  781064 idcode,  583446 callback
            accu incr: 565072 var,  781064 idcode,  583446 callback
237 VC callback profile - scalar:0 vector:0
238 Tue Dec 31 15:44:11 2019
239 fsdbDumpvars: profile - 
          CPU/Mem usage: 1.280 sys,  8.080 user,  2086.33M sys,  0.00M vm
                   incr: 0.030 sys,  0.110 user,  29.26M sys,  0.00M vm
                   accu: 0.460 sys,  4.530 user,  549.01M sys,  0.00M vm
              accu incr: 0.030 sys,  0.110 user,  29.26M sys,  0.00M vm

          Count usage: 565072 var,  781064 idcode,  583446 callback
                 incr: 0 var,  0 idcode,  0 callback
                 accu: 565072 var,  781064 idcode,  583446 callback
            accu incr: 0 var,  0 idcode,  0 callback
240 VC callback profile - scalar:556517 vector:26929
241 Tue Dec 31 15:44:11 2019
242 sps_call_fsdbDumpoff at 0 : ../tb/pcs_tb_top.sv(6)
243 *Verdi3* : fsdbDumpoff - All FSDB files at 0 ps.
244 sps_call_fsdbDumpfile at 0 : ../tb/pcs_tb_top.sv(406)
245 argv[0]: tb_top.fsdb
246 *Verdi3* WARNING: fsdbDumpfile - One FSDB file has already opened for dumping.
247 sps_call_fsdbDumpvars at 0 : ../tb/pcs_tb_top.sv(407)
248 argv[0]: 0
249 argv[1]: (handle)0x3050ebd8 pcs_tb_top
250 *Verdi3* : Begin traversing the scope (pcs_tb_top), layer (0).
251 *Verdi3* : End of traversing.
252 fsdbDumpvars traverse var: profile - 
          CPU/Mem usage: 1.350 sys,  9.680 user,  2094.95M sys,  0.00M vm
                   incr: 0.000 sys,  0.990 user,  0.20M sys,  0.00M vm
                   accu: 0.000 sys,  0.990 user,  0.20M sys,  0.00M vm
              accu incr: 0.000 sys,  0.990 user,  0.20M sys,  0.00M vm

          Count usage: 1130144 var,  781064 idcode,  583446 callback
                 incr: 565072 var,  0 idcode,  0 callback
                 accu: 565072 var,  0 idcode,  0 callback
            accu incr: 565072 var,  0 idcode,  0 callback
253 VC callback profile - scalar:1125607 vector:60569
254 Tue Dec 31 15:44:13 2019
255 fsdbDumpvars: profile - 
          CPU/Mem usage: 1.350 sys,  9.710 user,  2094.95M sys,  0.00M vm
                   incr: 0.000 sys,  0.030 user,  0.00M sys,  0.00M vm
                   accu: 0.000 sys,  1.020 user,  0.20M sys,  0.00M vm
              accu incr: 0.000 sys,  0.030 user,  0.00M sys,  0.00M vm

          Count usage: 1130144 var,  781064 idcode,  583446 callback
                 incr: 0 var,  0 idcode,  0 callback
                 accu: 565072 var,  0 idcode,  0 callback
            accu incr: 0 var,  0 idcode,  0 callback
256 VC callback profile - scalar:1478373 vector:80651
257 Tue Dec 31 15:44:13 2019
258 sps_call_fsdbDumpon at 50000000 : ../tb/pcs_tb_top.sv(6)
259 *Verdi3* : fsdbDumpon - All FSDB files at 50,000,000 ps.
260 End of simulation at 509584000
261 VC callback profile - scalar:216160992 vector:11421531
262 Tue Dec 31 15:49:16 2019
263 Parallel profile    -  Flush:6 Expand:0 ProduceWait:0 ConsumerWait:1097 BlockUsed:1136
264                        ProduceTime:314.654589643 ConsumerTime:52.440363380 Buffer:64MB
265 SimExit
266 Sim process exit
